[11:05:34.817][INFO][CraftTweaker-EarlyInit]: CraftTweaker is running on a Minecraft 1.20.1 production server modded with platform Forge
[11:05:34.833][INFO][CraftTweaker-EarlyInit]: Successfully injected RecipeFS file system
[11:05:34.870][INFO][CraftTweaker-Plugins]: Successfully identified and loaded plugin crafttweaker:builtin
[11:05:34.871][INFO][CraftTweaker-Plugins]: Successfully identified and loaded plugin crafttweaker:builtin_forge
[11:05:34.873][INFO][CraftTweaker-Plugins]: Successfully identified and loaded plugin createtweaker:main
[11:05:34.876][INFO][CraftTweaker-Plugins]: Successfully identified and loaded plugin farmersdelight:crafttweaker_plugin
[11:05:34.877][INFO][CraftTweaker-Plugins]: Successfully identified and loaded plugin refurbished_furniture:plugin
[11:05:35.974][INFO][CraftTweaker]: The following mods have explicit CraftTweaker support through the default plugin:
[11:05:35.975][INFO][CraftTweaker]: - 'crafttweaker' at version '14.0.49'
[11:05:35.975][INFO][CraftTweaker]: - 'createtweaker' at version '4.0.13'
[11:05:35.975][INFO][CraftTweaker]: - 'farmersdelight' at version '1.20.1-1.2.6'
[11:05:35.975][INFO][CraftTweaker]: - 'refurbished_furniture' at version '1.0.8'
[11:05:51.178][INFO][CraftTweaker-ZenCode]: Started loading scripts for loader 'initialize'
[11:05:51.794][INFO][CraftTweaker-ZenCode]: Compiling and executing scripts
[11:05:51.852][INFO][CraftTweaker-ZenCode]: Successfully initialized modules [crafttweaker, expansions]
[11:05:52.026][INFO][CraftTweaker-ZenCode]: Execution for loader 'initialize' completed successfully
[11:06:12.423][INFO][CraftTweaker-ZenCode]: Started loading scripts for loader 'tags'
[11:06:12.447][INFO][CraftTweaker-ZenCode]: Compiling and executing scripts
[11:06:12.462][INFO][CraftTweaker-ZenCode]: Successfully initialized modules [crafttweaker, expansions]
[11:06:12.473][INFO][CraftTweaker-ZenCode]: Execution for loader 'tags' completed successfully
[11:06:13.848][INFO][CraftTweaker]: crafttweaker.reload.start
[11:06:13.856][INFO][CraftTweaker-ZenCode]: Started loading scripts for loader 'crafttweaker'
[11:06:13.886][INFO][CraftTweaker-ZenCode]: Compiling and executing scripts
[11:06:14.300][INFO][CraftTweaker-ZenCode]: Successfully initialized modules [mods, crafttweaker, expansions]
[11:06:14.310][INFO][CraftTweaker-ZenCode]: Execution for loader 'crafttweaker' completed successfully
[11:06:14.311][INFO][CraftTweaker]: crafttweaker.reload.complete
